\BOOKMARK [1][-]{section.1}{Resumen}{}% 1
\BOOKMARK [1][-]{section.2}{Introducci\363n}{}% 2
\BOOKMARK [2][-]{subsection.2.1}{Objetivos}{section.2}% 3
\BOOKMARK [1][-]{section.3}{Marco te\363rico}{}% 4
\BOOKMARK [2][-]{subsection.3.1}{Robots de locomoci\363n diferencial}{section.3}% 5
\BOOKMARK [2][-]{subsection.3.2}{M\351todo de linealizaci\363n}{section.3}% 6
\BOOKMARK [2][-]{subsection.3.3}{An\341lisis de sistemas mec\341nicos: Enfoque de energ\355as}{section.3}% 7
\BOOKMARK [2][-]{subsection.3.4}{Sistemas subactuados}{section.3}% 8
\BOOKMARK [1][-]{section.4}{Modelado y simulaci\363n}{}% 9
\BOOKMARK [2][-]{subsection.4.1}{Modelo cinem\341tico}{section.4}% 10
\BOOKMARK [3][-]{subsubsection.4.1.1}{Modelo directo}{subsection.4.1}% 11
\BOOKMARK [3][-]{subsubsection.4.1.2}{Modelo del punto descentralizado}{subsection.4.1}% 12
\BOOKMARK [3][-]{subsubsection.4.1.3}{Modelo inverso del punto descentralizado}{subsection.4.1}% 13
\BOOKMARK [2][-]{subsection.4.2}{Modelo din\341mico}{section.4}% 14
\BOOKMARK [1][-]{section.5}{An\341lisis}{}% 15
\BOOKMARK [2][-]{subsection.5.1}{Modelo Cinem\341tico}{section.5}% 16
\BOOKMARK [2][-]{subsection.5.2}{Modelo din\341mico}{section.5}% 17
\BOOKMARK [1][-]{section.6}{Conclusiones y Recomendaciones}{}% 18
\BOOKMARK [1][-]{section.7}{Ap\351ndice Ecuaciones}{}% 19
\BOOKMARK [1][-]{equation.7.71}{Bibliograf\355a}{}% 20
